Flow report for new_scrambler_top
Tue Oct  6 14:55:35 2015
Quartus II 64-Bit Version 13.1.4 Build 182 03/12/2014 SJ Full Version


---------------------
; Table of Contents ;
---------------------
  1. Legal Notice
  2. Flow Summary
  3. Flow Settings
  4. Flow Non-Default Global Settings
  5. Flow Elapsed Time
  6. Flow OS Summary
  7. Flow Log
  8. Flow Messages
  9. Flow Suppressed Messages



----------------
; Legal Notice ;
----------------
Copyright (C) 1991-2014 Altera Corporation
Your use of Altera Corporation's design tools, logic functions 
and other software and tools, and its AMPP partner logic 
functions, and any output files from any of the foregoing 
(including device programming or simulation files), and any 
associated documentation or information are expressly subject 
to the terms and conditions of the Altera Program License 
Subscription Agreement, Altera MegaCore Function License 
Agreement, or other applicable license agreement, including, 
without limitation, that your use is for the sole purpose of 
programming logic devices manufactured by Altera and sold by 
Altera or its authorized distributors.  Please refer to the 
applicable agreement for further details.



+-------------------------------------------------------------------------------+
; Flow Summary                                                                  ;
+---------------------------------+---------------------------------------------+
; Flow Status                     ; Successful - Tue Oct  6 14:55:18 2015       ;
; Quartus II 64-Bit Version       ; 13.1.4 Build 182 03/12/2014 SJ Full Version ;
; Revision Name                   ; new_scrambler_top                           ;
; Top-level Entity Name           ; new_scrambler_top                           ;
; Family                          ; Stratix V                                   ;
; Device                          ; 5SGXEA7H3F35C3                              ;
; Timing Models                   ; Final                                       ;
; Logic utilization (in ALMs)     ; 1 / 234,720 ( < 1 % )                       ;
; Total registers                 ; 0                                           ;
; Total pins                      ; 2 / 664 ( < 1 % )                           ;
; Total virtual pins              ; 0                                           ;
; Total block memory bits         ; 0 / 52,428,800 ( 0 % )                      ;
; Total DSP Blocks                ; 0 / 256 ( 0 % )                             ;
; Total HSSI STD RX PCSs          ; 0 / 24 ( 0 % )                              ;
; Total HSSI 10G RX PCSs          ; 0 / 24 ( 0 % )                              ;
; Total HSSI GEN3 RX PCSs         ; 0 / 24 ( 0 % )                              ;
; Total HSSI PMA RX Deserializers ; 0 / 24 ( 0 % )                              ;
; Total HSSI STD TX PCSs          ; 0 / 24 ( 0 % )                              ;
; Total HSSI 10G TX PCSs          ; 0 / 24 ( 0 % )                              ;
; Total HSSI GEN3 TX PCSs         ; 0 / 24 ( 0 % )                              ;
; Total HSSI TX Channels          ; 0 / 24 ( 0 % )                              ;
; Total HSSI PIPE GEN1_2s         ; 0 / 24 ( 0 % )                              ;
; Total HSSI GEN3s                ; 0 / 24 ( 0 % )                              ;
; Total PLLs                      ; 0 / 68 ( 0 % )                              ;
; Total DLLs                      ; 0 / 4 ( 0 % )                               ;
+---------------------------------+---------------------------------------------+


+-----------------------------------------+
; Flow Settings                           ;
+-------------------+---------------------+
; Option            ; Setting             ;
+-------------------+---------------------+
; Start date & time ; 10/06/2015 14:52:49 ;
; Main task         ; Compilation         ;
; Revision Name     ; new_scrambler_top   ;
+-------------------+---------------------+


+--------------------------------------------------------------------------------------------------------+
; Flow Non-Default Global Settings                                                                       ;
+-------------------------------------+-----------------------+---------------+-------------+------------+
; Assignment Name                     ; Value                 ; Default Value ; Entity Name ; Section Id ;
+-------------------------------------+-----------------------+---------------+-------------+------------+
; COMPILER_SIGNATURE_ID               ; 0.144413956812388     ; --            ; --          ; --         ;
; PARTITION_COLOR                     ; 16764057              ; --            ; --          ; Top        ;
; PARTITION_FITTER_PRESERVATION_LEVEL ; PLACEMENT_AND_ROUTING ; --            ; --          ; Top        ;
; PARTITION_NETLIST_TYPE              ; SOURCE                ; --            ; --          ; Top        ;
; PROJECT_OUTPUT_DIRECTORY            ; output_files          ; --            ; --          ; --         ;
+-------------------------------------+-----------------------+---------------+-------------+------------+


+-------------------------------------------------------------------------------------------------------------------------------+
; Flow Elapsed Time                                                                                                             ;
+---------------------------+--------------+-------------------------+---------------------+------------------------------------+
; Module Name               ; Elapsed Time ; Average Processors Used ; Peak Virtual Memory ; Total CPU Time (on all processors) ;
+---------------------------+--------------+-------------------------+---------------------+------------------------------------+
; Analysis & Synthesis      ; 00:00:02     ; 1.0                     ; 791 MB              ; 00:00:01                           ;
; Fitter                    ; 00:01:31     ; 1.7                     ; 3461 MB             ; 00:02:14                           ;
; Assembler                 ; 00:00:51     ; 1.0                     ; 1431 MB             ; 00:00:47                           ;
; TimeQuest Timing Analyzer ; 00:00:13     ; 1.0                     ; 1347 MB             ; 00:00:13                           ;
; Total                     ; 00:02:37     ; --                      ; --                  ; 00:03:15                           ;
+---------------------------+--------------+-------------------------+---------------------+------------------------------------+


+----------------------------------------------------------------------------------------------------------+
; Flow OS Summary                                                                                          ;
+---------------------------+-------------------------------+--------------+--------------+----------------+
; Module Name               ; Machine Hostname              ; OS Name      ; OS Version   ; Processor type ;
+---------------------------+-------------------------------+--------------+--------------+----------------+
; Analysis & Synthesis      ; ppdhcp97.hep.manchester.ac.uk ; CentOS Linux ; CentOS Linux ; x86_64         ;
; Fitter                    ; ppdhcp97.hep.manchester.ac.uk ; CentOS Linux ; CentOS Linux ; x86_64         ;
; Assembler                 ; ppdhcp97.hep.manchester.ac.uk ; CentOS Linux ; CentOS Linux ; x86_64         ;
; TimeQuest Timing Analyzer ; ppdhcp97.hep.manchester.ac.uk ; CentOS Linux ; CentOS Linux ; x86_64         ;
+---------------------------+-------------------------------+--------------+--------------+----------------+


------------
; Flow Log ;
------------
quartus_map --read_settings_files=on --write_settings_files=off new_scrambler_resource_analysis -c new_scrambler_top
quartus_fit --read_settings_files=off --write_settings_files=off new_scrambler_resource_analysis -c new_scrambler_top
quartus_asm --read_settings_files=off --write_settings_files=off new_scrambler_resource_analysis -c new_scrambler_top
quartus_sta new_scrambler_resource_analysis -c new_scrambler_top



